---------------------------------------------------------------
[ 2018-08-18T21:38:39+08:00 ] 0.0.0.0 GET /
[ info ] localhost/ [运行时间：0.418729s][吞吐率：2.39req/s] [内存消耗：2,392.95kb] [文件加载：56]
[ info ] [ LANG ] D:\phpstudy\WWW\material\thinkphp\lang\zh-cn.php
[ info ] [ ROUTE ] array (
  'type' => 'module',
  'module' => 
  array (
    0 => 'index',
    1 => 'Index',
    2 => 'index',
  ),
  'convert' => false,
)
[ info ] [ HEADER ] array (
  'upgrade-insecure-requests' => '1',
  'connection' => 'close',
  'cookie' => '_ga=GA1.1.1762478325.1526559270; pgv_pvi=7032378368; UM_distinctid=163c3b11c839-04a6cc975c582f-4c312a7a-144000-163c3b11c84396; CNZZDATA681872=cnzz_eid%3D1944491258-1527996551-%26ntime%3D1528440604; hibext_instdsigdipv2=1; counter=76',
  'accept-encoding' => 'gzip, deflate',
  'accept-language' => 'zh-CN,zh;q=0.8,zh-TW;q=0.7,zh-HK;q=0.5,en-US;q=0.3,en;q=0.2',
  'accept' => 'text/html,application/xhtml+xml,application/xml;q=0.9,*/*;q=0.8',
  'user-agent' => 'Mozilla/5.0 (Windows NT 10.0; Win64; x64; rv:61.0) Gecko/20100101 Firefox/61.0',
  'host' => 'localhost',
)
[ info ] [ PARAM ] array (
)
[ info ] [ DB ] INIT mysql
[ info ] [ RUN ] app\index\controller\Index->index[ D:\phpstudy\WWW\material\application\index\controller\Index.php ]
[ info ] [ VIEW ] D:\phpstudy\WWW\material\public/../application/index\view\index\index.html [ array (
  0 => 'cateres',
  1 => 'getlink',
  2 => 'getyu',
  3 => 'getleft',
  4 => 'getfouth',
  5 => 'getaonly',
  6 => 'gethot',
) ]
[ info ] [ LOG ] INIT File
[ sql ] [ DB ] CONNECT:[ UseTime:0.125427s ] mysql:host=127.0.0.1;dbname=material;charset=utf8
[ sql ] [ SQL ] SHOW COLUMNS FROM `cate` [ RunTime:0.039251s ]
[ sql ] [ SQL ] SELECT * FROM `cate` WHERE  `pid` = 0  AND `type` = 1 [ RunTime:0.000906s ]
[ sql ] [ SQL ] SELECT * FROM `cate` WHERE  `pid` = 10 [ RunTime:0.000663s ]
[ sql ] [ SQL ] SELECT * FROM `cate` WHERE  `pid` = 18 [ RunTime:0.000850s ]
[ sql ] [ SQL ] SELECT * FROM `cate` WHERE  `pid` = 25 [ RunTime:0.000731s ]
[ sql ] [ SQL ] SELECT * FROM `cate` WHERE  `pid` = 33 [ RunTime:0.002157s ]
[ sql ] [ SQL ] SELECT * FROM `cate` WHERE  `pid` = 37 [ RunTime:0.001119s ]
[ sql ] [ SQL ] SELECT * FROM `cate` WHERE  `pid` = 41 [ RunTime:0.000699s ]
[ sql ] [ SQL ] SELECT * FROM `cate` WHERE  `pid` = 44 [ RunTime:0.000600s ]
[ sql ] [ SQL ] SELECT * FROM `cate` WHERE  `pid` = 49 [ RunTime:0.000673s ]
[ sql ] [ SQL ] SELECT * FROM `cate` WHERE  `pid` = 53 [ RunTime:0.000654s ]
[ sql ] [ SQL ] SHOW COLUMNS FROM `link` [ RunTime:0.035133s ]
[ sql ] [ SQL ] SELECT * FROM `link` [ RunTime:0.000624s ]
[ sql ] [ SQL ] SELECT * FROM `cate` WHERE  `rec_index` = 1 ORDER BY sort desc LIMIT 1 [ RunTime:0.000691s ]
[ sql ] [ SQL ] SHOW COLUMNS FROM `article` [ RunTime:0.026345s ]
[ sql ] [ SQL ] SELECT * FROM `article` WHERE  `cateid` = 57 LIMIT 8 [ RunTime:0.001019s ]
[ sql ] [ SQL ] SELECT * FROM `cate` WHERE  `type` = 3 [ RunTime:0.000759s ]
[ sql ] [ SQL ] SELECT * FROM `article` WHERE  `cateid` = 63 ORDER BY time desc LIMIT 14 [ RunTime:0.000878s ]
[ sql ] [ SQL ] SELECT * FROM `cate` WHERE  `type` = 2 [ RunTime:0.000561s ]
[ sql ] [ SQL ] SELECT * FROM `article` WHERE  `cateid` = 57 ORDER BY time desc LIMIT 5 [ RunTime:0.000829s ]
[ sql ] [ SQL ] SELECT * FROM `article` WHERE  `cateid` = 59 ORDER BY time desc LIMIT 5 [ RunTime:0.001098s ]
[ sql ] [ SQL ] SELECT * FROM `article` WHERE  `cateid` = 60 ORDER BY time desc LIMIT 5 [ RunTime:0.000990s ]
[ sql ] [ SQL ] SELECT * FROM `article` WHERE  `cateid` = 61 ORDER BY time desc LIMIT 5 [ RunTime:0.000746s ]
[ sql ] [ SQL ] SELECT * FROM `article` WHERE  `cateid` = 62 ORDER BY time desc LIMIT 5 [ RunTime:0.000683s ]
[ sql ] [ SQL ] SELECT * FROM `article` WHERE  `rec` = 1 ORDER BY click desc LIMIT 6 [ RunTime:0.000600s ]
---------------------------------------------------------------
[ 2018-08-18T21:38:48+08:00 ] 0.0.0.0 GET /admin
[ info ] localhost/admin [运行时间：0.089861s][吞吐率：11.13req/s] [内存消耗：1,304.76kb] [文件加载：47]
[ info ] [ LANG ] D:\phpstudy\WWW\material\thinkphp\lang\zh-cn.php
[ info ] [ ROUTE ] array (
  'type' => 'module',
  'module' => 
  array (
    0 => 'admin',
    1 => NULL,
    2 => NULL,
  ),
)
[ info ] [ HEADER ] array (
  'upgrade-insecure-requests' => '1',
  'connection' => 'close',
  'cookie' => '_ga=GA1.1.1762478325.1526559270; pgv_pvi=7032378368; UM_distinctid=163c3b11c839-04a6cc975c582f-4c312a7a-144000-163c3b11c84396; CNZZDATA681872=cnzz_eid%3D1944491258-1527996551-%26ntime%3D1528440604; hibext_instdsigdipv2=1; counter=76',
  'accept-encoding' => 'gzip, deflate',
  'accept-language' => 'zh-CN,zh;q=0.8,zh-TW;q=0.7,zh-HK;q=0.5,en-US;q=0.3,en;q=0.2',
  'accept' => 'text/html,application/xhtml+xml,application/xml;q=0.9,*/*;q=0.8',
  'user-agent' => 'Mozilla/5.0 (Windows NT 10.0; Win64; x64; rv:61.0) Gecko/20100101 Firefox/61.0',
  'host' => 'localhost',
)
[ info ] [ PARAM ] array (
)
[ info ] [ SESSION ] INIT array (
  'id' => '',
  'var_session_id' => '',
  'prefix' => 'think',
  'type' => '',
  'auto_start' => true,
)
[ info ] [ VIEW ] D:\phpstudy\WWW\material\thinkphp\tpl\dispatch_jump.tpl [ array (
  0 => 'code',
  1 => 'msg',
  2 => 'data',
  3 => 'url',
  4 => 'wait',
) ]
[ info ] [ LOG ] INIT File
---------------------------------------------------------------
[ 2018-08-18T21:38:51+08:00 ] 0.0.0.0 GET /admin/login/index.html
[ info ] localhost/admin/login/index.html [运行时间：0.146836s][吞吐率：6.81req/s] [内存消耗：1,306.66kb] [文件加载：46]
[ info ] [ LANG ] D:\phpstudy\WWW\material\thinkphp\lang\zh-cn.php
[ info ] [ ROUTE ] array (
  'type' => 'module',
  'module' => 
  array (
    0 => 'admin',
    1 => 'login',
    2 => 'index',
  ),
)
[ info ] [ HEADER ] array (
  'upgrade-insecure-requests' => '1',
  'connection' => 'close',
  'cookie' => '_ga=GA1.1.1762478325.1526559270; pgv_pvi=7032378368; UM_distinctid=163c3b11c839-04a6cc975c582f-4c312a7a-144000-163c3b11c84396; CNZZDATA681872=cnzz_eid%3D1944491258-1527996551-%26ntime%3D1528440604; hibext_instdsigdipv2=1; counter=76; PHPSESSID=9mbh2qglucdb5p7kdtdqj7qvj1',
  'referer' => 'http://localhost/admin',
  'accept-encoding' => 'gzip, deflate',
  'accept-language' => 'zh-CN,zh;q=0.8,zh-TW;q=0.7,zh-HK;q=0.5,en-US;q=0.3,en;q=0.2',
  'accept' => 'text/html,application/xhtml+xml,application/xml;q=0.9,*/*;q=0.8',
  'user-agent' => 'Mozilla/5.0 (Windows NT 10.0; Win64; x64; rv:61.0) Gecko/20100101 Firefox/61.0',
  'host' => 'localhost',
)
[ info ] [ PARAM ] array (
)
[ info ] [ RUN ] app\admin\controller\Login->index[ D:\phpstudy\WWW\material\application\admin\controller\Login.php ]
[ info ] [ VIEW ] D:\phpstudy\WWW\material\public/../application/admin\view\login\index.html [ array (
) ]
[ info ] [ LOG ] INIT File
---------------------------------------------------------------
[ 2018-08-18T21:38:51+08:00 ] 0.0.0.0 GET /captcha.html
[ info ] localhost/captcha.html [运行时间：0.089312s][吞吐率：11.20req/s] [内存消耗：1,101.41kb] [文件加载：37]
[ info ] [ LANG ] D:\phpstudy\WWW\material\thinkphp\lang\zh-cn.php
[ info ] [ ROUTE ] array (
  'type' => 'method',
  'method' => 
  array (
    0 => '\\think\\captcha\\CaptchaController',
    1 => 'index',
  ),
  'var' => 
  array (
  ),
)
[ info ] [ HEADER ] array (
  'connection' => 'close',
  'cookie' => '_ga=GA1.1.1762478325.1526559270; pgv_pvi=7032378368; UM_distinctid=163c3b11c839-04a6cc975c582f-4c312a7a-144000-163c3b11c84396; CNZZDATA681872=cnzz_eid%3D1944491258-1527996551-%26ntime%3D1528440604; hibext_instdsigdipv2=1; counter=76; PHPSESSID=9mbh2qglucdb5p7kdtdqj7qvj1',
  'referer' => 'http://localhost/admin/login/index.html',
  'accept-encoding' => 'gzip, deflate',
  'accept-language' => 'zh-CN,zh;q=0.8,zh-TW;q=0.7,zh-HK;q=0.5,en-US;q=0.3,en;q=0.2',
  'accept' => '*/*',
  'user-agent' => 'Mozilla/5.0 (Windows NT 10.0; Win64; x64; rv:61.0) Gecko/20100101 Firefox/61.0',
  'host' => 'localhost',
)
[ info ] [ PARAM ] array (
  'id' => NULL,
)
[ info ] [ RUN ] think\captcha\CaptchaController->index[ D:\phpstudy\WWW\material\vendor\topthink\think-captcha\src\CaptchaController.php ]
[ info ] [ SESSION ] INIT array (
  'id' => '',
  'var_session_id' => '',
  'prefix' => 'think',
  'type' => '',
  'auto_start' => true,
)
[ info ] [ LOG ] INIT File
---------------------------------------------------------------
[ 2018-08-18T21:39:02+08:00 ] 0.0.0.0 POST /admin/login/index.html
[ info ] localhost/admin/login/index.html [运行时间：0.176399s][吞吐率：5.67req/s] [内存消耗：2,216.55kb] [文件加载：56]
[ info ] [ LANG ] D:\phpstudy\WWW\material\thinkphp\lang\zh-cn.php
[ info ] [ ROUTE ] array (
  'type' => 'module',
  'module' => 
  array (
    0 => 'admin',
    1 => 'login',
    2 => 'index',
  ),
)
[ info ] [ HEADER ] array (
  'upgrade-insecure-requests' => '1',
  'connection' => 'close',
  'cookie' => '_ga=GA1.1.1762478325.1526559270; pgv_pvi=7032378368; UM_distinctid=163c3b11c839-04a6cc975c582f-4c312a7a-144000-163c3b11c84396; CNZZDATA681872=cnzz_eid%3D1944491258-1527996551-%26ntime%3D1528440604; hibext_instdsigdipv2=1; counter=76; PHPSESSID=9mbh2qglucdb5p7kdtdqj7qvj1',
  'content-length' => '37',
  'content-type' => 'application/x-www-form-urlencoded',
  'referer' => 'http://localhost/admin/login/index.html',
  'accept-encoding' => 'gzip, deflate',
  'accept-language' => 'zh-CN,zh;q=0.8,zh-TW;q=0.7,zh-HK;q=0.5,en-US;q=0.3,en;q=0.2',
  'accept' => 'text/html,application/xhtml+xml,application/xml;q=0.9,*/*;q=0.8',
  'user-agent' => 'Mozilla/5.0 (Windows NT 10.0; Win64; x64; rv:61.0) Gecko/20100101 Firefox/61.0',
  'host' => 'localhost',
)
[ info ] [ PARAM ] array (
  'name' => 'admin',
  'password' => '123456',
  'code' => 'cf6uw',
)
[ info ] [ RUN ] app\admin\controller\Login->index[ D:\phpstudy\WWW\material\application\admin\controller\Login.php ]
[ info ] [ SESSION ] INIT array (
  'id' => '',
  'var_session_id' => '',
  'prefix' => 'think',
  'type' => '',
  'auto_start' => true,
)
[ info ] [ DB ] INIT mysql
[ info ] [ VIEW ] D:\phpstudy\WWW\material\thinkphp\tpl\dispatch_jump.tpl [ array (
  0 => 'code',
  1 => 'msg',
  2 => 'data',
  3 => 'url',
  4 => 'wait',
) ]
[ info ] [ LOG ] INIT File
[ sql ] [ DB ] CONNECT:[ UseTime:0.017504s ] mysql:host=127.0.0.1;dbname=material;charset=utf8
[ sql ] [ SQL ] SHOW COLUMNS FROM `admin` [ RunTime:0.048455s ]
[ sql ] [ SQL ] SELECT * FROM `admin` WHERE  `name` = 'admin' LIMIT 1 [ RunTime:0.001887s ]
---------------------------------------------------------------
[ 2018-08-18T21:39:05+08:00 ] 0.0.0.0 GET /admin/index/index.html
[ info ] localhost/admin/index/index.html [运行时间：0.119772s][吞吐率：8.35req/s] [内存消耗：1,340.36kb] [文件加载：47]
[ info ] [ LANG ] D:\phpstudy\WWW\material\thinkphp\lang\zh-cn.php
[ info ] [ ROUTE ] array (
  'type' => 'module',
  'module' => 
  array (
    0 => 'admin',
    1 => 'index',
    2 => 'index',
  ),
)
[ info ] [ HEADER ] array (
  'upgrade-insecure-requests' => '1',
  'connection' => 'close',
  'cookie' => '_ga=GA1.1.1762478325.1526559270; pgv_pvi=7032378368; UM_distinctid=163c3b11c839-04a6cc975c582f-4c312a7a-144000-163c3b11c84396; CNZZDATA681872=cnzz_eid%3D1944491258-1527996551-%26ntime%3D1528440604; hibext_instdsigdipv2=1; counter=76; PHPSESSID=9mbh2qglucdb5p7kdtdqj7qvj1',
  'referer' => 'http://localhost/admin/login/index.html',
  'accept-encoding' => 'gzip, deflate',
  'accept-language' => 'zh-CN,zh;q=0.8,zh-TW;q=0.7,zh-HK;q=0.5,en-US;q=0.3,en;q=0.2',
  'accept' => 'text/html,application/xhtml+xml,application/xml;q=0.9,*/*;q=0.8',
  'user-agent' => 'Mozilla/5.0 (Windows NT 10.0; Win64; x64; rv:61.0) Gecko/20100101 Firefox/61.0',
  'host' => 'localhost',
)
[ info ] [ PARAM ] array (
)
[ info ] [ SESSION ] INIT array (
  'id' => '',
  'var_session_id' => '',
  'prefix' => 'think',
  'type' => '',
  'auto_start' => true,
)
[ info ] [ RUN ] app\admin\controller\Index->index[ D:\phpstudy\WWW\material\application\admin\controller\Index.php ]
[ info ] [ VIEW ] D:\phpstudy\WWW\material\public/../application/admin\view\index\index.html [ array (
  0 => 'data',
) ]
[ info ] [ LOG ] INIT File
---------------------------------------------------------------
[ 2018-08-18T21:39:05+08:00 ] 0.0.0.0 GET /static//admin/fonts/fontawesome-webfont.woff2?v=4.3.0
[ info ] localhost/static//admin/fonts/fontawesome-webfont.woff2?v=4.3.0 [运行时间：0.041291s][吞吐率：24.22req/s] [内存消耗：1,082.52kb] [文件加载：38]
[ info ] [ LANG ] D:\phpstudy\WWW\material\thinkphp\lang\zh-cn.php
[ info ] [ ROUTE ] array (
  'type' => 'module',
  'module' => 
  array (
    0 => 'static',
    1 => 'admin',
    2 => 'fonts',
  ),
)
[ info ] [ HEADER ] array (
  'connection' => 'close',
  'cookie' => '_ga=GA1.1.1762478325.1526559270; pgv_pvi=7032378368; UM_distinctid=163c3b11c839-04a6cc975c582f-4c312a7a-144000-163c3b11c84396; CNZZDATA681872=cnzz_eid%3D1944491258-1527996551-%26ntime%3D1528440604; hibext_instdsigdipv2=1; counter=76; PHPSESSID=9mbh2qglucdb5p7kdtdqj7qvj1',
  'referer' => 'http://localhost/static//admin/style/font-awesome.css',
  'accept-encoding' => 'identity',
  'accept-language' => 'zh-CN,zh;q=0.8,zh-TW;q=0.7,zh-HK;q=0.5,en-US;q=0.3,en;q=0.2',
  'accept' => 'application/font-woff2;q=1.0,application/font-woff;q=0.9,*/*;q=0.8',
  'user-agent' => 'Mozilla/5.0 (Windows NT 10.0; Win64; x64; rv:61.0) Gecko/20100101 Firefox/61.0',
  'host' => 'localhost',
)
[ info ] [ PARAM ] array (
  'v' => '4.3.0',
)
[ info ] [ LOG ] INIT File
---------------------------------------------------------------
[ 2018-08-18T21:39:07+08:00 ] 0.0.0.0 GET /admin/cate/lst.html
[ info ] localhost/admin/cate/lst.html [运行时间：0.142388s][吞吐率：7.02req/s] [内存消耗：2,374.48kb] [文件加载：57]
[ info ] [ LANG ] D:\phpstudy\WWW\material\thinkphp\lang\zh-cn.php
[ info ] [ ROUTE ] array (
  'type' => 'module',
  'module' => 
  array (
    0 => 'admin',
    1 => 'cate',
    2 => 'lst',
  ),
)
[ info ] [ HEADER ] array (
  'upgrade-insecure-requests' => '1',
  'connection' => 'close',
  'cookie' => '_ga=GA1.1.1762478325.1526559270; pgv_pvi=7032378368; UM_distinctid=163c3b11c839-04a6cc975c582f-4c312a7a-144000-163c3b11c84396; CNZZDATA681872=cnzz_eid%3D1944491258-1527996551-%26ntime%3D1528440604; hibext_instdsigdipv2=1; counter=76; PHPSESSID=9mbh2qglucdb5p7kdtdqj7qvj1',
  'referer' => 'http://localhost/admin/index/index.html',
  'accept-encoding' => 'gzip, deflate',
  'accept-language' => 'zh-CN,zh;q=0.8,zh-TW;q=0.7,zh-HK;q=0.5,en-US;q=0.3,en;q=0.2',
  'accept' => 'text/html,application/xhtml+xml,application/xml;q=0.9,*/*;q=0.8',
  'user-agent' => 'Mozilla/5.0 (Windows NT 10.0; Win64; x64; rv:61.0) Gecko/20100101 Firefox/61.0',
  'host' => 'localhost',
)
[ info ] [ PARAM ] array (
)
[ info ] [ SESSION ] INIT array (
  'id' => '',
  'var_session_id' => '',
  'prefix' => 'think',
  'type' => '',
  'auto_start' => true,
)
[ info ] [ RUN ] app\admin\controller\Cate->lst[ D:\phpstudy\WWW\material\application\admin\controller\Cate.php ]
[ info ] [ DB ] INIT mysql
[ info ] [ VIEW ] D:\phpstudy\WWW\material\public/../application/admin\view\cate\lst.html [ array (
  0 => 'cateres',
) ]
[ info ] [ LOG ] INIT File
[ sql ] [ DB ] CONNECT:[ UseTime:0.014805s ] mysql:host=127.0.0.1;dbname=material;charset=utf8
[ sql ] [ SQL ] SHOW COLUMNS FROM `cate` [ RunTime:0.011868s ]
[ sql ] [ SQL ] SELECT * FROM `cate` ORDER BY sort desc [ RunTime:0.000966s ]
---------------------------------------------------------------
[ 2018-08-18T21:39:07+08:00 ] 0.0.0.0 GET /static//admin/fonts/fontawesome-webfont.woff2?v=4.3.0
[ info ] localhost/static//admin/fonts/fontawesome-webfont.woff2?v=4.3.0 [运行时间：0.040338s][吞吐率：24.79req/s] [内存消耗：1,082.52kb] [文件加载：38]
[ info ] [ LANG ] D:\phpstudy\WWW\material\thinkphp\lang\zh-cn.php
[ info ] [ ROUTE ] array (
  'type' => 'module',
  'module' => 
  array (
    0 => 'static',
    1 => 'admin',
    2 => 'fonts',
  ),
)
[ info ] [ HEADER ] array (
  'connection' => 'close',
  'cookie' => '_ga=GA1.1.1762478325.1526559270; pgv_pvi=7032378368; UM_distinctid=163c3b11c839-04a6cc975c582f-4c312a7a-144000-163c3b11c84396; CNZZDATA681872=cnzz_eid%3D1944491258-1527996551-%26ntime%3D1528440604; hibext_instdsigdipv2=1; counter=76; PHPSESSID=9mbh2qglucdb5p7kdtdqj7qvj1',
  'referer' => 'http://localhost/static//admin/style/font-awesome.css',
  'accept-encoding' => 'identity',
  'accept-language' => 'zh-CN,zh;q=0.8,zh-TW;q=0.7,zh-HK;q=0.5,en-US;q=0.3,en;q=0.2',
  'accept' => 'application/font-woff2;q=1.0,application/font-woff;q=0.9,*/*;q=0.8',
  'user-agent' => 'Mozilla/5.0 (Windows NT 10.0; Win64; x64; rv:61.0) Gecko/20100101 Firefox/61.0',
  'host' => 'localhost',
)
[ info ] [ PARAM ] array (
  'v' => '4.3.0',
)
[ info ] [ LOG ] INIT File
---------------------------------------------------------------
[ 2018-08-18T21:56:40+08:00 ] 0.0.0.0 GET /
[ info ] localhost/ [运行时间：0.839117s][吞吐率：1.19req/s] [内存消耗：2,519.56kb] [文件加载：57]
[ info ] [ LANG ] D:\phpstudy\WWW\material\thinkphp\lang\zh-cn.php
[ info ] [ ROUTE ] array (
  'type' => 'module',
  'module' => 
  array (
    0 => 'index',
    1 => 'Index',
    2 => 'index',
  ),
  'convert' => false,
)
[ info ] [ HEADER ] array (
  'upgrade-insecure-requests' => '1',
  'connection' => 'close',
  'cookie' => '_ga=GA1.1.1762478325.1526559270; pgv_pvi=7032378368; UM_distinctid=163c3b11c839-04a6cc975c582f-4c312a7a-144000-163c3b11c84396; CNZZDATA681872=cnzz_eid%3D1944491258-1527996551-%26ntime%3D1528440604; hibext_instdsigdipv2=1; counter=76; PHPSESSID=9mbh2qglucdb5p7kdtdqj7qvj1',
  'accept-encoding' => 'gzip, deflate',
  'accept-language' => 'zh-CN,zh;q=0.8,zh-TW;q=0.7,zh-HK;q=0.5,en-US;q=0.3,en;q=0.2',
  'accept' => 'text/html,application/xhtml+xml,application/xml;q=0.9,*/*;q=0.8',
  'user-agent' => 'Mozilla/5.0 (Windows NT 10.0; Win64; x64; rv:61.0) Gecko/20100101 Firefox/61.0',
  'host' => 'localhost',
)
[ info ] [ PARAM ] array (
)
[ info ] [ DB ] INIT mysql
[ info ] [ RUN ] app\index\controller\Index->index[ D:\phpstudy\WWW\material\application\index\controller\Index.php ]
[ info ] [ VIEW ] D:\phpstudy\WWW\material\public/../application/index\view\index\index.html [ array (
  0 => 'cateres',
  1 => 'getlink',
  2 => 'getyu',
  3 => 'getleft',
  4 => 'getfouth',
  5 => 'getaonly',
  6 => 'gethot',
) ]
[ info ] [ LOG ] INIT File
[ sql ] [ DB ] CONNECT:[ UseTime:0.097662s ] mysql:host=127.0.0.1;dbname=material;charset=utf8
[ sql ] [ SQL ] SHOW COLUMNS FROM `cate` [ RunTime:0.225305s ]
[ sql ] [ SQL ] SELECT * FROM `cate` WHERE  `pid` = 0  AND `type` = 1 [ RunTime:0.001766s ]
[ sql ] [ SQL ] SELECT * FROM `cate` WHERE  `pid` = 10 [ RunTime:0.001579s ]
[ sql ] [ SQL ] SELECT * FROM `cate` WHERE  `pid` = 18 [ RunTime:0.001548s ]
[ sql ] [ SQL ] SELECT * FROM `cate` WHERE  `pid` = 25 [ RunTime:0.001803s ]
[ sql ] [ SQL ] SELECT * FROM `cate` WHERE  `pid` = 33 [ RunTime:0.001562s ]
[ sql ] [ SQL ] SELECT * FROM `cate` WHERE  `pid` = 37 [ RunTime:0.001596s ]
[ sql ] [ SQL ] SELECT * FROM `cate` WHERE  `pid` = 41 [ RunTime:0.001546s ]
[ sql ] [ SQL ] SELECT * FROM `cate` WHERE  `pid` = 44 [ RunTime:0.001369s ]
[ sql ] [ SQL ] SELECT * FROM `cate` WHERE  `pid` = 49 [ RunTime:0.001489s ]
[ sql ] [ SQL ] SELECT * FROM `cate` WHERE  `pid` = 53 [ RunTime:0.001420s ]
[ sql ] [ SQL ] SHOW COLUMNS FROM `link` [ RunTime:0.034853s ]
[ sql ] [ SQL ] SELECT * FROM `link` [ RunTime:0.001371s ]
[ sql ] [ SQL ] SELECT * FROM `cate` WHERE  `rec_index` = 1 ORDER BY sort desc LIMIT 1 [ RunTime:0.001848s ]
[ sql ] [ SQL ] SHOW COLUMNS FROM `article` [ RunTime:0.031114s ]
[ sql ] [ SQL ] SELECT * FROM `article` WHERE  `cateid` = 57 LIMIT 8 [ RunTime:0.001361s ]
[ sql ] [ SQL ] SELECT * FROM `cate` WHERE  `type` = 3 [ RunTime:0.000946s ]
[ sql ] [ SQL ] SELECT * FROM `article` WHERE  `cateid` = 63 ORDER BY time desc LIMIT 14 [ RunTime:0.001173s ]
[ sql ] [ SQL ] SELECT * FROM `cate` WHERE  `type` = 2 [ RunTime:0.000873s ]
[ sql ] [ SQL ] SELECT * FROM `article` WHERE  `cateid` = 57 ORDER BY time desc LIMIT 5 [ RunTime:0.001062s ]
[ sql ] [ SQL ] SELECT * FROM `article` WHERE  `cateid` = 59 ORDER BY time desc LIMIT 5 [ RunTime:0.001116s ]
[ sql ] [ SQL ] SELECT * FROM `article` WHERE  `cateid` = 60 ORDER BY time desc LIMIT 5 [ RunTime:0.001437s ]
[ sql ] [ SQL ] SELECT * FROM `article` WHERE  `cateid` = 61 ORDER BY time desc LIMIT 5 [ RunTime:0.001406s ]
[ sql ] [ SQL ] SELECT * FROM `article` WHERE  `cateid` = 62 ORDER BY time desc LIMIT 5 [ RunTime:0.001013s ]
[ sql ] [ SQL ] SELECT * FROM `article` WHERE  `rec` = 1 ORDER BY click desc LIMIT 6 [ RunTime:0.000984s ]
---------------------------------------------------------------
[ 2018-08-18T21:56:58+08:00 ] 0.0.0.0 GET /
[ info ] localhost/ [运行时间：0.250889s][吞吐率：3.99req/s] [内存消耗：2,534.61kb] [文件加载：58]
[ info ] [ LANG ] D:\phpstudy\WWW\material\thinkphp\lang\zh-cn.php
[ info ] [ ROUTE ] array (
  'type' => 'module',
  'module' => 
  array (
    0 => 'index',
    1 => 'Index',
    2 => 'index',
  ),
  'convert' => false,
)
[ info ] [ HEADER ] array (
  'cache-control' => 'max-age=0',
  'upgrade-insecure-requests' => '1',
  'connection' => 'close',
  'cookie' => '_ga=GA1.1.1762478325.1526559270; pgv_pvi=7032378368; UM_distinctid=163c3b11c839-04a6cc975c582f-4c312a7a-144000-163c3b11c84396; CNZZDATA681872=cnzz_eid%3D1944491258-1527996551-%26ntime%3D1528440604; hibext_instdsigdipv2=1; counter=76; PHPSESSID=9mbh2qglucdb5p7kdtdqj7qvj1',
  'accept-encoding' => 'gzip, deflate',
  'accept-language' => 'zh-CN,zh;q=0.8,zh-TW;q=0.7,zh-HK;q=0.5,en-US;q=0.3,en;q=0.2',
  'accept' => 'text/html,application/xhtml+xml,application/xml;q=0.9,*/*;q=0.8',
  'user-agent' => 'Mozilla/5.0 (Windows NT 10.0; Win64; x64; rv:61.0) Gecko/20100101 Firefox/61.0',
  'host' => 'localhost',
)
[ info ] [ PARAM ] array (
)
[ info ] [ DB ] INIT mysql
[ info ] [ RUN ] app\index\controller\Index->index[ D:\phpstudy\WWW\material\application\index\controller\Index.php ]
[ info ] [ VIEW ] D:\phpstudy\WWW\material\public/../application/index\view\index\index.html [ array (
  0 => 'cateres',
  1 => 'getlink',
  2 => 'getyu',
  3 => 'getleft',
  4 => 'getfouth',
  5 => 'getaonly',
  6 => 'gethot',
) ]
[ info ] [ LOG ] INIT File
[ sql ] [ DB ] CONNECT:[ UseTime:0.016257s ] mysql:host=127.0.0.1;dbname=material;charset=utf8
[ sql ] [ SQL ] SHOW COLUMNS FROM `cate` [ RunTime:0.024135s ]
[ sql ] [ SQL ] SELECT * FROM `cate` WHERE  `pid` = 0  AND `type` = 1 [ RunTime:0.001587s ]
[ sql ] [ SQL ] SELECT * FROM `cate` WHERE  `pid` = 10 [ RunTime:0.001414s ]
[ sql ] [ SQL ] SELECT * FROM `cate` WHERE  `pid` = 18 [ RunTime:0.001395s ]
[ sql ] [ SQL ] SELECT * FROM `cate` WHERE  `pid` = 25 [ RunTime:0.001573s ]
[ sql ] [ SQL ] SELECT * FROM `cate` WHERE  `pid` = 33 [ RunTime:0.001427s ]
[ sql ] [ SQL ] SELECT * FROM `cate` WHERE  `pid` = 37 [ RunTime:0.001526s ]
[ sql ] [ SQL ] SELECT * FROM `cate` WHERE  `pid` = 41 [ RunTime:0.001356s ]
[ sql ] [ SQL ] SELECT * FROM `cate` WHERE  `pid` = 44 [ RunTime:0.001338s ]
[ sql ] [ SQL ] SELECT * FROM `cate` WHERE  `pid` = 49 [ RunTime:0.001333s ]
[ sql ] [ SQL ] SELECT * FROM `cate` WHERE  `pid` = 53 [ RunTime:0.001329s ]
[ sql ] [ SQL ] SHOW COLUMNS FROM `link` [ RunTime:0.031022s ]
[ sql ] [ SQL ] SELECT * FROM `link` [ RunTime:0.001242s ]
[ sql ] [ SQL ] SELECT * FROM `cate` WHERE  `rec_index` = 1 ORDER BY sort desc LIMIT 1 [ RunTime:0.001410s ]
[ sql ] [ SQL ] SHOW COLUMNS FROM `article` [ RunTime:0.032259s ]
[ sql ] [ SQL ] SELECT * FROM `article` WHERE  `cateid` = 57 LIMIT 8 [ RunTime:0.001713s ]
[ sql ] [ SQL ] SELECT * FROM `cate` WHERE  `type` = 3 [ RunTime:0.001495s ]
[ sql ] [ SQL ] SELECT * FROM `article` WHERE  `cateid` = 63 ORDER BY time desc LIMIT 14 [ RunTime:0.001791s ]
[ sql ] [ SQL ] SELECT * FROM `cate` WHERE  `type` = 2 [ RunTime:0.001327s ]
[ sql ] [ SQL ] SELECT * FROM `article` WHERE  `cateid` = 57 ORDER BY time desc LIMIT 5 [ RunTime:0.001608s ]
[ sql ] [ SQL ] SELECT * FROM `article` WHERE  `cateid` = 59 ORDER BY time desc LIMIT 5 [ RunTime:0.001612s ]
[ sql ] [ SQL ] SELECT * FROM `article` WHERE  `cateid` = 60 ORDER BY time desc LIMIT 5 [ RunTime:0.002007s ]
[ sql ] [ SQL ] SELECT * FROM `article` WHERE  `cateid` = 61 ORDER BY time desc LIMIT 5 [ RunTime:0.001688s ]
[ sql ] [ SQL ] SELECT * FROM `article` WHERE  `cateid` = 62 ORDER BY time desc LIMIT 5 [ RunTime:0.001569s ]
[ sql ] [ SQL ] SELECT * FROM `article` WHERE  `rec` = 1 ORDER BY click desc LIMIT 6 [ RunTime:0.001534s ]
