---------------------------------------------------------------
[ 2018-09-16T19:08:13+08:00 ] 0.0.0.0 GET /
[ info ] localhost/ [运行时间：0.539553s][吞吐率：1.85req/s] [内存消耗：2,393.24kb] [文件加载：56]
[ info ] [ LANG ] D:\phpstudy\WWW\material\thinkphp\lang\zh-cn.php
[ info ] [ ROUTE ] array (
  'type' => 'module',
  'module' => 
  array (
    0 => 'index',
    1 => 'Index',
    2 => 'index',
  ),
  'convert' => false,
)
[ info ] [ HEADER ] array (
  'cache-control' => 'max-age=0',
  'upgrade-insecure-requests' => '1',
  'connection' => 'close',
  'cookie' => '_ga=GA1.1.1762478325.1526559270; pgv_pvi=7032378368; UM_distinctid=163c3b11c839-04a6cc975c582f-4c312a7a-144000-163c3b11c84396; CNZZDATA681872=cnzz_eid%3D1944491258-1527996551-%26ntime%3D1528440604; hibext_instdsigdipv2=1; counter=87',
  'accept-encoding' => 'gzip, deflate',
  'accept-language' => 'zh-CN,zh;q=0.8,zh-TW;q=0.7,zh-HK;q=0.5,en-US;q=0.3,en;q=0.2',
  'accept' => 'text/html,application/xhtml+xml,application/xml;q=0.9,*/*;q=0.8',
  'user-agent' => 'Mozilla/5.0 (Windows NT 10.0; Win64; x64; rv:62.0) Gecko/20100101 Firefox/62.0',
  'host' => 'localhost',
)
[ info ] [ PARAM ] array (
)
[ info ] [ DB ] INIT mysql
[ info ] [ RUN ] app\index\controller\Index->index[ D:\phpstudy\WWW\material\application\index\controller\Index.php ]
[ info ] [ VIEW ] D:\phpstudy\WWW\material\public/../application/index\view\index\index.html [ array (
  0 => 'cateres',
  1 => 'getlink',
  2 => 'getyu',
  3 => 'getleft',
  4 => 'getfouth',
  5 => 'getaonly',
  6 => 'gethot',
) ]
[ info ] [ LOG ] INIT File
[ sql ] [ DB ] CONNECT:[ UseTime:0.089636s ] mysql:host=127.0.0.1;dbname=material;charset=utf8
[ sql ] [ SQL ] SHOW COLUMNS FROM `cate` [ RunTime:0.042779s ]
[ sql ] [ SQL ] SELECT * FROM `cate` WHERE  `pid` = 0  AND `type` = 1 [ RunTime:0.001169s ]
[ sql ] [ SQL ] SELECT * FROM `cate` WHERE  `pid` = 10 [ RunTime:0.000525s ]
[ sql ] [ SQL ] SELECT * FROM `cate` WHERE  `pid` = 18 [ RunTime:0.000447s ]
[ sql ] [ SQL ] SELECT * FROM `cate` WHERE  `pid` = 25 [ RunTime:0.000501s ]
[ sql ] [ SQL ] SELECT * FROM `cate` WHERE  `pid` = 33 [ RunTime:0.000476s ]
[ sql ] [ SQL ] SELECT * FROM `cate` WHERE  `pid` = 37 [ RunTime:0.000439s ]
[ sql ] [ SQL ] SELECT * FROM `cate` WHERE  `pid` = 41 [ RunTime:0.000607s ]
[ sql ] [ SQL ] SELECT * FROM `cate` WHERE  `pid` = 44 [ RunTime:0.000441s ]
[ sql ] [ SQL ] SELECT * FROM `cate` WHERE  `pid` = 49 [ RunTime:0.000805s ]
[ sql ] [ SQL ] SELECT * FROM `cate` WHERE  `pid` = 53 [ RunTime:0.000910s ]
[ sql ] [ SQL ] SHOW COLUMNS FROM `link` [ RunTime:0.029318s ]
[ sql ] [ SQL ] SELECT * FROM `link` [ RunTime:0.000750s ]
[ sql ] [ SQL ] SELECT * FROM `cate` WHERE  `rec_index` = 1 ORDER BY sort desc LIMIT 1 [ RunTime:0.000761s ]
[ sql ] [ SQL ] SHOW COLUMNS FROM `article` [ RunTime:0.034975s ]
[ sql ] [ SQL ] SELECT * FROM `article` WHERE  `cateid` = 57 LIMIT 8 [ RunTime:0.007348s ]
[ sql ] [ SQL ] SELECT * FROM `cate` WHERE  `type` = 3 [ RunTime:0.000753s ]
[ sql ] [ SQL ] SELECT * FROM `article` WHERE  `cateid` = 63 ORDER BY time desc LIMIT 14 [ RunTime:0.000873s ]
[ sql ] [ SQL ] SELECT * FROM `cate` WHERE  `type` = 2 [ RunTime:0.000592s ]
[ sql ] [ SQL ] SELECT * FROM `article` WHERE  `cateid` = 57 ORDER BY time desc LIMIT 5 [ RunTime:0.000982s ]
[ sql ] [ SQL ] SELECT * FROM `article` WHERE  `cateid` = 59 ORDER BY time desc LIMIT 5 [ RunTime:0.001058s ]
[ sql ] [ SQL ] SELECT * FROM `article` WHERE  `cateid` = 60 ORDER BY time desc LIMIT 5 [ RunTime:0.000633s ]
[ sql ] [ SQL ] SELECT * FROM `article` WHERE  `cateid` = 61 ORDER BY time desc LIMIT 5 [ RunTime:0.000638s ]
[ sql ] [ SQL ] SELECT * FROM `article` WHERE  `cateid` = 62 ORDER BY time desc LIMIT 5 [ RunTime:0.000711s ]
[ sql ] [ SQL ] SELECT * FROM `article` WHERE  `rec` = 1 ORDER BY click desc LIMIT 6 [ RunTime:0.000795s ]
---------------------------------------------------------------
[ 2018-09-16T19:09:21+08:00 ] 0.0.0.0 GET /
[ info ] localhost/ [运行时间：0.499926s][吞吐率：2.00req/s] [内存消耗：2,392.97kb] [文件加载：56]
[ info ] [ LANG ] D:\phpstudy\WWW\material\thinkphp\lang\zh-cn.php
[ info ] [ ROUTE ] array (
  'type' => 'module',
  'module' => 
  array (
    0 => 'index',
    1 => 'Index',
    2 => 'index',
  ),
  'convert' => false,
)
[ info ] [ HEADER ] array (
  'upgrade-insecure-requests' => '1',
  'connection' => 'close',
  'cookie' => '_ga=GA1.1.1762478325.1526559270; pgv_pvi=7032378368; UM_distinctid=163c3b11c839-04a6cc975c582f-4c312a7a-144000-163c3b11c84396; CNZZDATA681872=cnzz_eid%3D1944491258-1527996551-%26ntime%3D1528440604; hibext_instdsigdipv2=1; counter=87',
  'accept-encoding' => 'gzip, deflate',
  'accept-language' => 'zh-CN,zh;q=0.8,zh-TW;q=0.7,zh-HK;q=0.5,en-US;q=0.3,en;q=0.2',
  'accept' => 'text/html,application/xhtml+xml,application/xml;q=0.9,*/*;q=0.8',
  'user-agent' => 'Mozilla/5.0 (Windows NT 10.0; Win64; x64; rv:62.0) Gecko/20100101 Firefox/62.0',
  'host' => 'localhost',
)
[ info ] [ PARAM ] array (
)
[ info ] [ DB ] INIT mysql
[ info ] [ RUN ] app\index\controller\Index->index[ D:\phpstudy\WWW\material\application\index\controller\Index.php ]
[ info ] [ VIEW ] D:\phpstudy\WWW\material\public/../application/index\view\index\index.html [ array (
  0 => 'cateres',
  1 => 'getlink',
  2 => 'getyu',
  3 => 'getleft',
  4 => 'getfouth',
  5 => 'getaonly',
  6 => 'gethot',
) ]
[ info ] [ LOG ] INIT File
[ sql ] [ DB ] CONNECT:[ UseTime:0.019035s ] mysql:host=127.0.0.1;dbname=material;charset=utf8
[ sql ] [ SQL ] SHOW COLUMNS FROM `cate` [ RunTime:0.062181s ]
[ sql ] [ SQL ] SELECT * FROM `cate` WHERE  `pid` = 0  AND `type` = 1 [ RunTime:0.001528s ]
[ sql ] [ SQL ] SELECT * FROM `cate` WHERE  `pid` = 10 [ RunTime:0.000891s ]
[ sql ] [ SQL ] SELECT * FROM `cate` WHERE  `pid` = 18 [ RunTime:0.001483s ]
[ sql ] [ SQL ] SELECT * FROM `cate` WHERE  `pid` = 25 [ RunTime:0.000950s ]
[ sql ] [ SQL ] SELECT * FROM `cate` WHERE  `pid` = 33 [ RunTime:0.001872s ]
[ sql ] [ SQL ] SELECT * FROM `cate` WHERE  `pid` = 37 [ RunTime:0.001501s ]
[ sql ] [ SQL ] SELECT * FROM `cate` WHERE  `pid` = 41 [ RunTime:0.001233s ]
[ sql ] [ SQL ] SELECT * FROM `cate` WHERE  `pid` = 44 [ RunTime:0.000593s ]
[ sql ] [ SQL ] SELECT * FROM `cate` WHERE  `pid` = 49 [ RunTime:0.000612s ]
[ sql ] [ SQL ] SELECT * FROM `cate` WHERE  `pid` = 53 [ RunTime:0.002053s ]
[ sql ] [ SQL ] SHOW COLUMNS FROM `link` [ RunTime:0.025274s ]
[ sql ] [ SQL ] SELECT * FROM `link` [ RunTime:0.000615s ]
[ sql ] [ SQL ] SELECT * FROM `cate` WHERE  `rec_index` = 1 ORDER BY sort desc LIMIT 1 [ RunTime:0.000564s ]
[ sql ] [ SQL ] SHOW COLUMNS FROM `article` [ RunTime:0.054768s ]
[ sql ] [ SQL ] SELECT * FROM `article` WHERE  `cateid` = 57 LIMIT 8 [ RunTime:0.001470s ]
[ sql ] [ SQL ] SELECT * FROM `cate` WHERE  `type` = 3 [ RunTime:0.004052s ]
[ sql ] [ SQL ] SELECT * FROM `article` WHERE  `cateid` = 63 ORDER BY time desc LIMIT 14 [ RunTime:0.001227s ]
[ sql ] [ SQL ] SELECT * FROM `cate` WHERE  `type` = 2 [ RunTime:0.001613s ]
[ sql ] [ SQL ] SELECT * FROM `article` WHERE  `cateid` = 57 ORDER BY time desc LIMIT 5 [ RunTime:0.001292s ]
[ sql ] [ SQL ] SELECT * FROM `article` WHERE  `cateid` = 59 ORDER BY time desc LIMIT 5 [ RunTime:0.001288s ]
[ sql ] [ SQL ] SELECT * FROM `article` WHERE  `cateid` = 60 ORDER BY time desc LIMIT 5 [ RunTime:0.001378s ]
[ sql ] [ SQL ] SELECT * FROM `article` WHERE  `cateid` = 61 ORDER BY time desc LIMIT 5 [ RunTime:0.001063s ]
[ sql ] [ SQL ] SELECT * FROM `article` WHERE  `cateid` = 62 ORDER BY time desc LIMIT 5 [ RunTime:0.001223s ]
[ sql ] [ SQL ] SELECT * FROM `article` WHERE  `rec` = 1 ORDER BY click desc LIMIT 6 [ RunTime:0.001063s ]
---------------------------------------------------------------
[ 2018-09-16T19:09:28+08:00 ] 0.0.0.0 GET /artlist/cateid/10.html
[ info ] localhost/artlist/cateid/10.html [运行时间：0.489059s][吞吐率：2.04req/s] [内存消耗：2,493.38kb] [文件加载：62]
[ info ] [ LANG ] D:\phpstudy\WWW\material\thinkphp\lang\zh-cn.php
[ info ] [ ROUTE ] array (
  'type' => 'module',
  'module' => 
  array (
    0 => 'index',
    1 => 'artlist',
    2 => 'index',
  ),
  'convert' => false,
)
[ info ] [ HEADER ] array (
  'upgrade-insecure-requests' => '1',
  'connection' => 'close',
  'cookie' => '_ga=GA1.1.1762478325.1526559270; pgv_pvi=7032378368; UM_distinctid=163c3b11c839-04a6cc975c582f-4c312a7a-144000-163c3b11c84396; CNZZDATA681872=cnzz_eid%3D1944491258-1527996551-%26ntime%3D1528440604; hibext_instdsigdipv2=1; counter=87',
  'referer' => 'http://localhost/',
  'accept-encoding' => 'gzip, deflate',
  'accept-language' => 'zh-CN,zh;q=0.8,zh-TW;q=0.7,zh-HK;q=0.5,en-US;q=0.3,en;q=0.2',
  'accept' => 'text/html,application/xhtml+xml,application/xml;q=0.9,*/*;q=0.8',
  'user-agent' => 'Mozilla/5.0 (Windows NT 10.0; Win64; x64; rv:62.0) Gecko/20100101 Firefox/62.0',
  'host' => 'localhost',
)
[ info ] [ PARAM ] array (
  'cateid' => '10',
)
[ info ] [ DB ] INIT mysql
[ info ] [ RUN ] app\index\controller\Artlist->index[ D:\phpstudy\WWW\material\application\index\controller\Artlist.php ]
[ info ] [ VIEW ] D:\phpstudy\WWW\material\public/../application/index\view\artlist\lst.html [ array (
  0 => 'cateres',
  1 => 'getlink',
  2 => 'getyu',
  3 => 'getleft',
  4 => 'artlaio',
  5 => 'artRes',
  6 => 'artla',
  7 => 'artll',
) ]
[ info ] [ LOG ] INIT File
[ sql ] [ DB ] CONNECT:[ UseTime:0.012392s ] mysql:host=127.0.0.1;dbname=material;charset=utf8
[ sql ] [ SQL ] SHOW COLUMNS FROM `cate` [ RunTime:0.024137s ]
[ sql ] [ SQL ] SELECT * FROM `cate` WHERE  `pid` = 0  AND `type` = 1 [ RunTime:0.001448s ]
[ sql ] [ SQL ] SELECT * FROM `cate` WHERE  `pid` = 10 [ RunTime:0.000554s ]
[ sql ] [ SQL ] SELECT * FROM `cate` WHERE  `pid` = 18 [ RunTime:0.000420s ]
[ sql ] [ SQL ] SELECT * FROM `cate` WHERE  `pid` = 25 [ RunTime:0.000555s ]
[ sql ] [ SQL ] SELECT * FROM `cate` WHERE  `pid` = 33 [ RunTime:0.000513s ]
[ sql ] [ SQL ] SELECT * FROM `cate` WHERE  `pid` = 37 [ RunTime:0.000418s ]
[ sql ] [ SQL ] SELECT * FROM `cate` WHERE  `pid` = 41 [ RunTime:0.000575s ]
[ sql ] [ SQL ] SELECT * FROM `cate` WHERE  `pid` = 44 [ RunTime:0.000458s ]
[ sql ] [ SQL ] SELECT * FROM `cate` WHERE  `pid` = 49 [ RunTime:0.000407s ]
[ sql ] [ SQL ] SELECT * FROM `cate` WHERE  `pid` = 53 [ RunTime:0.000389s ]
[ sql ] [ SQL ] SHOW COLUMNS FROM `link` [ RunTime:0.015949s ]
[ sql ] [ SQL ] SELECT * FROM `link` [ RunTime:0.000532s ]
[ sql ] [ SQL ] SELECT * FROM `cate` WHERE  `rec_index` = 1 ORDER BY sort desc LIMIT 1 [ RunTime:0.000568s ]
[ sql ] [ SQL ] SHOW COLUMNS FROM `article` [ RunTime:0.042409s ]
[ sql ] [ SQL ] SELECT * FROM `article` WHERE  `cateid` = 57 LIMIT 8 [ RunTime:0.001201s ]
[ sql ] [ SQL ] SELECT * FROM `cate` [ RunTime:0.000726s ]
[ sql ] [ SQL ] SELECT COUNT(*) AS tp_count FROM `article` WHERE  (  cateid IN(12,16,17,10) ) LIMIT 1 [ RunTime:0.006720s ]
[ sql ] [ SQL ] SELECT * FROM `article` WHERE  (  cateid IN(12,16,17,10) ) ORDER BY id desc LIMIT 0,10 [ RunTime:0.004865s ]
[ sql ] [ SQL ] SELECT * FROM `cate` WHERE  `id` = 10 LIMIT 1 [ RunTime:0.002333s ]
[ sql ] [ SQL ] SELECT COUNT(*) AS tp_count FROM `cate` WHERE  `pid` = 10 LIMIT 1 [ RunTime:0.002534s ]
[ sql ] [ SQL ] SELECT * FROM `cate` WHERE  `pid` = 10 ORDER BY `sort`  desc LIMIT 0,10 [ RunTime:0.003226s ]
[ sql ] [ SQL ] SELECT * FROM `cate` WHERE  `id` = 10 LIMIT 1 [ RunTime:0.000777s ]
[ sql ] [ SQL ] SELECT COUNT(*) AS tp_count FROM `cate` WHERE  (  id IN(10,0) ) LIMIT 1 [ RunTime:0.003258s ]
[ sql ] [ SQL ] SELECT * FROM `cate` WHERE  (  id IN(10,0) ) LIMIT 0,10 [ RunTime:0.001583s ]
---------------------------------------------------------------
[ 2018-09-16T19:09:29+08:00 ] 0.0.0.0 GET /artlist/cateid/10.html
[ info ] localhost/artlist/cateid/10.html [运行时间：0.220775s][吞吐率：4.53req/s] [内存消耗：2,367.37kb] [文件加载：60]
[ info ] [ LANG ] D:\phpstudy\WWW\material\thinkphp\lang\zh-cn.php
[ info ] [ ROUTE ] array (
  'type' => 'module',
  'module' => 
  array (
    0 => 'index',
    1 => 'artlist',
    2 => 'index',
  ),
  'convert' => false,
)
[ info ] [ HEADER ] array (
  'connection' => 'close',
  'cookie' => '_ga=GA1.1.1762478325.1526559270; pgv_pvi=7032378368; UM_distinctid=163c3b11c839-04a6cc975c582f-4c312a7a-144000-163c3b11c84396; CNZZDATA681872=cnzz_eid%3D1944491258-1527996551-%26ntime%3D1528440604; hibext_instdsigdipv2=1; counter=87',
  'referer' => 'http://localhost/artlist/cateid/10.html',
  'accept-encoding' => 'gzip, deflate',
  'accept-language' => 'zh-CN,zh;q=0.8,zh-TW;q=0.7,zh-HK;q=0.5,en-US;q=0.3,en;q=0.2',
  'accept' => '*/*',
  'user-agent' => 'Mozilla/5.0 (Windows NT 10.0; Win64; x64; rv:62.0) Gecko/20100101 Firefox/62.0',
  'host' => 'localhost',
)
[ info ] [ PARAM ] array (
  'cateid' => '10',
)
[ info ] [ DB ] INIT mysql
[ info ] [ RUN ] app\index\controller\Artlist->index[ D:\phpstudy\WWW\material\application\index\controller\Artlist.php ]
[ info ] [ VIEW ] D:\phpstudy\WWW\material\public/../application/index\view\artlist\lst.html [ array (
  0 => 'cateres',
  1 => 'getlink',
  2 => 'getyu',
  3 => 'getleft',
  4 => 'artlaio',
  5 => 'artRes',
  6 => 'artla',
  7 => 'artll',
) ]
[ info ] [ LOG ] INIT File
[ sql ] [ DB ] CONNECT:[ UseTime:0.003413s ] mysql:host=127.0.0.1;dbname=material;charset=utf8
[ sql ] [ SQL ] SHOW COLUMNS FROM `cate` [ RunTime:0.033800s ]
[ sql ] [ SQL ] SELECT * FROM `cate` WHERE  `pid` = 0  AND `type` = 1 [ RunTime:0.000533s ]
[ sql ] [ SQL ] SELECT * FROM `cate` WHERE  `pid` = 10 [ RunTime:0.000383s ]
[ sql ] [ SQL ] SELECT * FROM `cate` WHERE  `pid` = 18 [ RunTime:0.000351s ]
[ sql ] [ SQL ] SELECT * FROM `cate` WHERE  `pid` = 25 [ RunTime:0.000361s ]
[ sql ] [ SQL ] SELECT * FROM `cate` WHERE  `pid` = 33 [ RunTime:0.000301s ]
[ sql ] [ SQL ] SELECT * FROM `cate` WHERE  `pid` = 37 [ RunTime:0.000263s ]
[ sql ] [ SQL ] SELECT * FROM `cate` WHERE  `pid` = 41 [ RunTime:0.000370s ]
[ sql ] [ SQL ] SELECT * FROM `cate` WHERE  `pid` = 44 [ RunTime:0.000580s ]
[ sql ] [ SQL ] SELECT * FROM `cate` WHERE  `pid` = 49 [ RunTime:0.000543s ]
[ sql ] [ SQL ] SELECT * FROM `cate` WHERE  `pid` = 53 [ RunTime:0.000453s ]
[ sql ] [ SQL ] SHOW COLUMNS FROM `link` [ RunTime:0.013395s ]
[ sql ] [ SQL ] SELECT * FROM `link` [ RunTime:0.000560s ]
[ sql ] [ SQL ] SELECT * FROM `cate` WHERE  `rec_index` = 1 ORDER BY sort desc LIMIT 1 [ RunTime:0.000481s ]
[ sql ] [ SQL ] SHOW COLUMNS FROM `article` [ RunTime:0.013029s ]
[ sql ] [ SQL ] SELECT * FROM `article` WHERE  `cateid` = 57 LIMIT 8 [ RunTime:0.000607s ]
[ sql ] [ SQL ] SELECT * FROM `cate` [ RunTime:0.000532s ]
[ sql ] [ SQL ] SELECT COUNT(*) AS tp_count FROM `article` WHERE  (  cateid IN(12,16,17,10) ) LIMIT 1 [ RunTime:0.000479s ]
[ sql ] [ SQL ] SELECT * FROM `article` WHERE  (  cateid IN(12,16,17,10) ) ORDER BY id desc LIMIT 0,10 [ RunTime:0.000611s ]
[ sql ] [ SQL ] SELECT * FROM `cate` WHERE  `id` = 10 LIMIT 1 [ RunTime:0.000947s ]
[ sql ] [ SQL ] SELECT COUNT(*) AS tp_count FROM `cate` WHERE  `pid` = 10 LIMIT 1 [ RunTime:0.000476s ]
[ sql ] [ SQL ] SELECT * FROM `cate` WHERE  `pid` = 10 ORDER BY `sort`  desc LIMIT 0,10 [ RunTime:0.000387s ]
[ sql ] [ SQL ] SELECT * FROM `cate` WHERE  `id` = 10 LIMIT 1 [ RunTime:0.000352s ]
[ sql ] [ SQL ] SELECT COUNT(*) AS tp_count FROM `cate` WHERE  (  id IN(10,0) ) LIMIT 1 [ RunTime:0.000289s ]
[ sql ] [ SQL ] SELECT * FROM `cate` WHERE  (  id IN(10,0) ) LIMIT 0,10 [ RunTime:0.000463s ]
---------------------------------------------------------------
[ 2018-09-16T19:09:32+08:00 ] 0.0.0.0 GET /article/cateid/17/artid/7.html
[ info ] localhost/article/cateid/17/artid/7.html [运行时间：0.288358s][吞吐率：3.47req/s] [内存消耗：2,201.43kb] [文件加载：60]
[ info ] [ LANG ] D:\phpstudy\WWW\material\thinkphp\lang\zh-cn.php
[ info ] [ ROUTE ] array (
  'type' => 'module',
  'module' => 
  array (
    0 => 'index',
    1 => 'article',
    2 => 'index',
  ),
  'convert' => false,
)
[ info ] [ HEADER ] array (
  'upgrade-insecure-requests' => '1',
  'connection' => 'close',
  'cookie' => '_ga=GA1.1.1762478325.1526559270; pgv_pvi=7032378368; UM_distinctid=163c3b11c839-04a6cc975c582f-4c312a7a-144000-163c3b11c84396; CNZZDATA681872=cnzz_eid%3D1944491258-1527996551-%26ntime%3D1528440604; hibext_instdsigdipv2=1; counter=87',
  'referer' => 'http://localhost/artlist/cateid/10.html',
  'accept-encoding' => 'gzip, deflate',
  'accept-language' => 'zh-CN,zh;q=0.8,zh-TW;q=0.7,zh-HK;q=0.5,en-US;q=0.3,en;q=0.2',
  'accept' => 'text/html,application/xhtml+xml,application/xml;q=0.9,*/*;q=0.8',
  'user-agent' => 'Mozilla/5.0 (Windows NT 10.0; Win64; x64; rv:62.0) Gecko/20100101 Firefox/62.0',
  'host' => 'localhost',
)
[ info ] [ PARAM ] array (
  'cateid' => '17',
  'artid' => '7',
)
[ info ] [ DB ] INIT mysql
[ info ] [ RUN ] app\index\controller\Article->index[ D:\phpstudy\WWW\material\application\index\controller\Article.php ]
[ info ] [ CACHE ] INIT File
[ info ] [ VIEW ] D:\phpstudy\WWW\material\public/../application/index\view\article\lst.html [ array (
  0 => 'cateres',
  1 => 'getlink',
  2 => 'getyu',
  3 => 'getleft',
  4 => 'artlaio',
  5 => 'articles',
  6 => 'artla',
  7 => 'artll',
  8 => 'prev',
  9 => 'next',
) ]
[ info ] [ LOG ] INIT File
[ sql ] [ DB ] CONNECT:[ UseTime:0.003994s ] mysql:host=127.0.0.1;dbname=material;charset=utf8
[ sql ] [ SQL ] SHOW COLUMNS FROM `cate` [ RunTime:0.019762s ]
[ sql ] [ SQL ] SELECT * FROM `cate` WHERE  `pid` = 0  AND `type` = 1 [ RunTime:0.000682s ]
[ sql ] [ SQL ] SELECT * FROM `cate` WHERE  `pid` = 10 [ RunTime:0.000621s ]
[ sql ] [ SQL ] SELECT * FROM `cate` WHERE  `pid` = 18 [ RunTime:0.000588s ]
[ sql ] [ SQL ] SELECT * FROM `cate` WHERE  `pid` = 25 [ RunTime:0.002798s ]
[ sql ] [ SQL ] SELECT * FROM `cate` WHERE  `pid` = 33 [ RunTime:0.003614s ]
[ sql ] [ SQL ] SELECT * FROM `cate` WHERE  `pid` = 37 [ RunTime:0.000552s ]
[ sql ] [ SQL ] SELECT * FROM `cate` WHERE  `pid` = 41 [ RunTime:0.000432s ]
[ sql ] [ SQL ] SELECT * FROM `cate` WHERE  `pid` = 44 [ RunTime:0.000396s ]
[ sql ] [ SQL ] SELECT * FROM `cate` WHERE  `pid` = 49 [ RunTime:0.000381s ]
[ sql ] [ SQL ] SELECT * FROM `cate` WHERE  `pid` = 53 [ RunTime:0.000374s ]
[ sql ] [ SQL ] SHOW COLUMNS FROM `link` [ RunTime:0.012450s ]
[ sql ] [ SQL ] SELECT * FROM `link` [ RunTime:0.000738s ]
[ sql ] [ SQL ] SELECT * FROM `cate` WHERE  `rec_index` = 1 ORDER BY sort desc LIMIT 1 [ RunTime:0.000586s ]
[ sql ] [ SQL ] SHOW COLUMNS FROM `article` [ RunTime:0.012714s ]
[ sql ] [ SQL ] SELECT * FROM `article` WHERE  `cateid` = 57 LIMIT 8 [ RunTime:0.000557s ]
[ sql ] [ SQL ] SELECT * FROM `cate` WHERE  `id` = 17 LIMIT 1 [ RunTime:0.000554s ]
[ sql ] [ SQL ] SELECT COUNT(*) AS tp_count FROM `cate` WHERE  `pid` = 17 LIMIT 1 [ RunTime:0.000602s ]
[ sql ] [ SQL ] SELECT * FROM `cate` WHERE  `pid` = 17 ORDER BY `sort`  desc LIMIT 0,10 [ RunTime:0.000464s ]
[ sql ] [ SQL ] UPDATE `article`  SET `click`=`click`+1  WHERE  `id` = 7 [ RunTime:0.001626s ]
[ sql ] [ SQL ] SELECT * FROM `article` WHERE  `id` = 7 LIMIT 1 [ RunTime:0.000577s ]
[ sql ] [ SQL ] SELECT * FROM `cate` WHERE  `id` = 17 LIMIT 1 [ RunTime:0.000548s ]
[ sql ] [ SQL ] SELECT * FROM `cate` WHERE  `id` = 10 LIMIT 1 [ RunTime:0.000353s ]
[ sql ] [ SQL ] SELECT COUNT(*) AS tp_count FROM `cate` WHERE  (  id IN(17,10,0) ) LIMIT 1 [ RunTime:0.000364s ]
[ sql ] [ SQL ] SELECT * FROM `cate` WHERE  (  id IN(17,10,0) ) LIMIT 0,10 [ RunTime:0.000436s ]
[ sql ] [ SQL ] SELECT `id` FROM `article` WHERE  `id` < 7  AND `cateid` = 17 ORDER BY id desc LIMIT 1 [ RunTime:0.002817s ]
[ sql ] [ SQL ] SELECT `id` FROM `article` WHERE  `id` > 7  AND `cateid` = 17 ORDER BY id desc LIMIT 1 [ RunTime:0.004303s ]
---------------------------------------------------------------
[ 2018-09-16T19:09:33+08:00 ] 0.0.0.0 GET /ueditor/php/upload/image/20180807/1533636201240631.jpg
[ info ] localhost/ueditor/php/upload/image/20180807/1533636201240631.jpg [运行时间：0.190761s][吞吐率：5.24req/s] [内存消耗：1,081.95kb] [文件加载：38]
[ info ] [ LANG ] D:\phpstudy\WWW\material\thinkphp\lang\zh-cn.php
[ info ] [ ROUTE ] array (
  'type' => 'module',
  'module' => 
  array (
    0 => 'ueditor',
    1 => 'php',
    2 => 'upload',
  ),
)
[ info ] [ HEADER ] array (
  'connection' => 'close',
  'cookie' => '_ga=GA1.1.1762478325.1526559270; pgv_pvi=7032378368; UM_distinctid=163c3b11c839-04a6cc975c582f-4c312a7a-144000-163c3b11c84396; CNZZDATA681872=cnzz_eid%3D1944491258-1527996551-%26ntime%3D1528440604; hibext_instdsigdipv2=1; counter=87',
  'referer' => 'http://localhost/article/cateid/17/artid/7.html',
  'accept-encoding' => 'gzip, deflate',
  'accept-language' => 'zh-CN,zh;q=0.8,zh-TW;q=0.7,zh-HK;q=0.5,en-US;q=0.3,en;q=0.2',
  'accept' => '*/*',
  'user-agent' => 'Mozilla/5.0 (Windows NT 10.0; Win64; x64; rv:62.0) Gecko/20100101 Firefox/62.0',
  'host' => 'localhost',
)
[ info ] [ PARAM ] array (
  'image' => '20180807',
)
[ info ] [ LOG ] INIT File
---------------------------------------------------------------
[ 2018-09-16T19:09:33+08:00 ] 0.0.0.0 GET /ueditor/php/upload/image/20180807/1533636149522338.jpg
[ info ] localhost/ueditor/php/upload/image/20180807/1533636149522338.jpg [运行时间：0.177543s][吞吐率：5.63req/s] [内存消耗：1,081.95kb] [文件加载：38]
[ info ] [ LANG ] D:\phpstudy\WWW\material\thinkphp\lang\zh-cn.php
[ info ] [ ROUTE ] array (
  'type' => 'module',
  'module' => 
  array (
    0 => 'ueditor',
    1 => 'php',
    2 => 'upload',
  ),
)
[ info ] [ HEADER ] array (
  'connection' => 'close',
  'cookie' => '_ga=GA1.1.1762478325.1526559270; pgv_pvi=7032378368; UM_distinctid=163c3b11c839-04a6cc975c582f-4c312a7a-144000-163c3b11c84396; CNZZDATA681872=cnzz_eid%3D1944491258-1527996551-%26ntime%3D1528440604; hibext_instdsigdipv2=1; counter=87',
  'referer' => 'http://localhost/article/cateid/17/artid/7.html',
  'accept-encoding' => 'gzip, deflate',
  'accept-language' => 'zh-CN,zh;q=0.8,zh-TW;q=0.7,zh-HK;q=0.5,en-US;q=0.3,en;q=0.2',
  'accept' => '*/*',
  'user-agent' => 'Mozilla/5.0 (Windows NT 10.0; Win64; x64; rv:62.0) Gecko/20100101 Firefox/62.0',
  'host' => 'localhost',
)
[ info ] [ PARAM ] array (
  'image' => '20180807',
)
[ info ] [ LOG ] INIT File
---------------------------------------------------------------
[ 2018-09-16T19:09:39+08:00 ] 0.0.0.0 GET /admin
[ info ] localhost/admin [运行时间：0.173325s][吞吐率：5.77req/s] [内存消耗：1,304.76kb] [文件加载：47]
[ info ] [ LANG ] D:\phpstudy\WWW\material\thinkphp\lang\zh-cn.php
[ info ] [ ROUTE ] array (
  'type' => 'module',
  'module' => 
  array (
    0 => 'admin',
    1 => NULL,
    2 => NULL,
  ),
)
[ info ] [ HEADER ] array (
  'upgrade-insecure-requests' => '1',
  'connection' => 'close',
  'cookie' => '_ga=GA1.1.1762478325.1526559270; pgv_pvi=7032378368; UM_distinctid=163c3b11c839-04a6cc975c582f-4c312a7a-144000-163c3b11c84396; CNZZDATA681872=cnzz_eid%3D1944491258-1527996551-%26ntime%3D1528440604; hibext_instdsigdipv2=1; counter=87',
  'accept-encoding' => 'gzip, deflate',
  'accept-language' => 'zh-CN,zh;q=0.8,zh-TW;q=0.7,zh-HK;q=0.5,en-US;q=0.3,en;q=0.2',
  'accept' => 'text/html,application/xhtml+xml,application/xml;q=0.9,*/*;q=0.8',
  'user-agent' => 'Mozilla/5.0 (Windows NT 10.0; Win64; x64; rv:62.0) Gecko/20100101 Firefox/62.0',
  'host' => 'localhost',
)
[ info ] [ PARAM ] array (
)
[ info ] [ SESSION ] INIT array (
  'id' => '',
  'var_session_id' => '',
  'prefix' => 'think',
  'type' => '',
  'auto_start' => true,
)
[ info ] [ VIEW ] D:\phpstudy\WWW\material\thinkphp\tpl\dispatch_jump.tpl [ array (
  0 => 'code',
  1 => 'msg',
  2 => 'data',
  3 => 'url',
  4 => 'wait',
) ]
[ info ] [ LOG ] INIT File
---------------------------------------------------------------
[ 2018-09-16T19:09:43+08:00 ] 0.0.0.0 GET /admin/login/index.html
[ info ] localhost/admin/login/index.html [运行时间：0.173457s][吞吐率：5.77req/s] [内存消耗：1,306.66kb] [文件加载：46]
[ info ] [ LANG ] D:\phpstudy\WWW\material\thinkphp\lang\zh-cn.php
[ info ] [ ROUTE ] array (
  'type' => 'module',
  'module' => 
  array (
    0 => 'admin',
    1 => 'login',
    2 => 'index',
  ),
)
[ info ] [ HEADER ] array (
  'upgrade-insecure-requests' => '1',
  'connection' => 'close',
  'cookie' => '_ga=GA1.1.1762478325.1526559270; pgv_pvi=7032378368; UM_distinctid=163c3b11c839-04a6cc975c582f-4c312a7a-144000-163c3b11c84396; CNZZDATA681872=cnzz_eid%3D1944491258-1527996551-%26ntime%3D1528440604; hibext_instdsigdipv2=1; counter=87; PHPSESSID=7bf01u8g8o84k00v9c0q2ple97',
  'referer' => 'http://localhost/admin',
  'accept-encoding' => 'gzip, deflate',
  'accept-language' => 'zh-CN,zh;q=0.8,zh-TW;q=0.7,zh-HK;q=0.5,en-US;q=0.3,en;q=0.2',
  'accept' => 'text/html,application/xhtml+xml,application/xml;q=0.9,*/*;q=0.8',
  'user-agent' => 'Mozilla/5.0 (Windows NT 10.0; Win64; x64; rv:62.0) Gecko/20100101 Firefox/62.0',
  'host' => 'localhost',
)
[ info ] [ PARAM ] array (
)
[ info ] [ RUN ] app\admin\controller\Login->index[ D:\phpstudy\WWW\material\application\admin\controller\Login.php ]
[ info ] [ VIEW ] D:\phpstudy\WWW\material\public/../application/admin\view\login\index.html [ array (
) ]
[ info ] [ LOG ] INIT File
---------------------------------------------------------------
[ 2018-09-16T19:09:43+08:00 ] 0.0.0.0 GET /captcha.html
[ info ] localhost/captcha.html [运行时间：0.260858s][吞吐率：3.83req/s] [内存消耗：1,101.41kb] [文件加载：37]
[ info ] [ LANG ] D:\phpstudy\WWW\material\thinkphp\lang\zh-cn.php
[ info ] [ ROUTE ] array (
  'type' => 'method',
  'method' => 
  array (
    0 => '\\think\\captcha\\CaptchaController',
    1 => 'index',
  ),
  'var' => 
  array (
  ),
)
[ info ] [ HEADER ] array (
  'connection' => 'close',
  'cookie' => '_ga=GA1.1.1762478325.1526559270; pgv_pvi=7032378368; UM_distinctid=163c3b11c839-04a6cc975c582f-4c312a7a-144000-163c3b11c84396; CNZZDATA681872=cnzz_eid%3D1944491258-1527996551-%26ntime%3D1528440604; hibext_instdsigdipv2=1; counter=87; PHPSESSID=7bf01u8g8o84k00v9c0q2ple97',
  'referer' => 'http://localhost/admin/login/index.html',
  'accept-encoding' => 'gzip, deflate',
  'accept-language' => 'zh-CN,zh;q=0.8,zh-TW;q=0.7,zh-HK;q=0.5,en-US;q=0.3,en;q=0.2',
  'accept' => '*/*',
  'user-agent' => 'Mozilla/5.0 (Windows NT 10.0; Win64; x64; rv:62.0) Gecko/20100101 Firefox/62.0',
  'host' => 'localhost',
)
[ info ] [ PARAM ] array (
  'id' => NULL,
)
[ info ] [ RUN ] think\captcha\CaptchaController->index[ D:\phpstudy\WWW\material\vendor\topthink\think-captcha\src\CaptchaController.php ]
[ info ] [ SESSION ] INIT array (
  'id' => '',
  'var_session_id' => '',
  'prefix' => 'think',
  'type' => '',
  'auto_start' => true,
)
[ info ] [ LOG ] INIT File
---------------------------------------------------------------
[ 2018-09-16T19:09:54+08:00 ] 0.0.0.0 POST /admin/login/index.html
[ info ] localhost/admin/login/index.html [运行时间：0.246777s][吞吐率：4.05req/s] [内存消耗：2,216.55kb] [文件加载：56]
[ info ] [ LANG ] D:\phpstudy\WWW\material\thinkphp\lang\zh-cn.php
[ info ] [ ROUTE ] array (
  'type' => 'module',
  'module' => 
  array (
    0 => 'admin',
    1 => 'login',
    2 => 'index',
  ),
)
[ info ] [ HEADER ] array (
  'upgrade-insecure-requests' => '1',
  'connection' => 'close',
  'cookie' => '_ga=GA1.1.1762478325.1526559270; pgv_pvi=7032378368; UM_distinctid=163c3b11c839-04a6cc975c582f-4c312a7a-144000-163c3b11c84396; CNZZDATA681872=cnzz_eid%3D1944491258-1527996551-%26ntime%3D1528440604; hibext_instdsigdipv2=1; counter=87; PHPSESSID=7bf01u8g8o84k00v9c0q2ple97',
  'content-length' => '37',
  'content-type' => 'application/x-www-form-urlencoded',
  'referer' => 'http://localhost/admin/login/index.html',
  'accept-encoding' => 'gzip, deflate',
  'accept-language' => 'zh-CN,zh;q=0.8,zh-TW;q=0.7,zh-HK;q=0.5,en-US;q=0.3,en;q=0.2',
  'accept' => 'text/html,application/xhtml+xml,application/xml;q=0.9,*/*;q=0.8',
  'user-agent' => 'Mozilla/5.0 (Windows NT 10.0; Win64; x64; rv:62.0) Gecko/20100101 Firefox/62.0',
  'host' => 'localhost',
)
[ info ] [ PARAM ] array (
  'name' => 'admin',
  'password' => '123456',
  'code' => '6nhwh',
)
[ info ] [ RUN ] app\admin\controller\Login->index[ D:\phpstudy\WWW\material\application\admin\controller\Login.php ]
[ info ] [ SESSION ] INIT array (
  'id' => '',
  'var_session_id' => '',
  'prefix' => 'think',
  'type' => '',
  'auto_start' => true,
)
[ info ] [ DB ] INIT mysql
[ info ] [ VIEW ] D:\phpstudy\WWW\material\thinkphp\tpl\dispatch_jump.tpl [ array (
  0 => 'code',
  1 => 'msg',
  2 => 'data',
  3 => 'url',
  4 => 'wait',
) ]
[ info ] [ LOG ] INIT File
[ sql ] [ DB ] CONNECT:[ UseTime:0.012313s ] mysql:host=127.0.0.1;dbname=material;charset=utf8
[ sql ] [ SQL ] SHOW COLUMNS FROM `admin` [ RunTime:0.012533s ]
[ sql ] [ SQL ] SELECT * FROM `admin` WHERE  `name` = 'admin' LIMIT 1 [ RunTime:0.000579s ]
---------------------------------------------------------------
[ 2018-09-16T19:09:57+08:00 ] 0.0.0.0 GET /admin/index/index.html
[ info ] localhost/admin/index/index.html [运行时间：0.156828s][吞吐率：6.38req/s] [内存消耗：1,340.36kb] [文件加载：47]
[ info ] [ LANG ] D:\phpstudy\WWW\material\thinkphp\lang\zh-cn.php
[ info ] [ ROUTE ] array (
  'type' => 'module',
  'module' => 
  array (
    0 => 'admin',
    1 => 'index',
    2 => 'index',
  ),
)
[ info ] [ HEADER ] array (
  'upgrade-insecure-requests' => '1',
  'connection' => 'close',
  'cookie' => '_ga=GA1.1.1762478325.1526559270; pgv_pvi=7032378368; UM_distinctid=163c3b11c839-04a6cc975c582f-4c312a7a-144000-163c3b11c84396; CNZZDATA681872=cnzz_eid%3D1944491258-1527996551-%26ntime%3D1528440604; hibext_instdsigdipv2=1; counter=87; PHPSESSID=7bf01u8g8o84k00v9c0q2ple97',
  'referer' => 'http://localhost/admin/login/index.html',
  'accept-encoding' => 'gzip, deflate',
  'accept-language' => 'zh-CN,zh;q=0.8,zh-TW;q=0.7,zh-HK;q=0.5,en-US;q=0.3,en;q=0.2',
  'accept' => 'text/html,application/xhtml+xml,application/xml;q=0.9,*/*;q=0.8',
  'user-agent' => 'Mozilla/5.0 (Windows NT 10.0; Win64; x64; rv:62.0) Gecko/20100101 Firefox/62.0',
  'host' => 'localhost',
)
[ info ] [ PARAM ] array (
)
[ info ] [ SESSION ] INIT array (
  'id' => '',
  'var_session_id' => '',
  'prefix' => 'think',
  'type' => '',
  'auto_start' => true,
)
[ info ] [ RUN ] app\admin\controller\Index->index[ D:\phpstudy\WWW\material\application\admin\controller\Index.php ]
[ info ] [ VIEW ] D:\phpstudy\WWW\material\public/../application/admin\view\index\index.html [ array (
  0 => 'data',
) ]
[ info ] [ LOG ] INIT File
---------------------------------------------------------------
[ 2018-09-16T19:09:58+08:00 ] 0.0.0.0 GET /static//admin/fonts/fontawesome-webfont.woff2?v=4.3.0
[ info ] localhost/static//admin/fonts/fontawesome-webfont.woff2?v=4.3.0 [运行时间：0.056025s][吞吐率：17.85req/s] [内存消耗：1,082.52kb] [文件加载：38]
[ info ] [ LANG ] D:\phpstudy\WWW\material\thinkphp\lang\zh-cn.php
[ info ] [ ROUTE ] array (
  'type' => 'module',
  'module' => 
  array (
    0 => 'static',
    1 => 'admin',
    2 => 'fonts',
  ),
)
[ info ] [ HEADER ] array (
  'connection' => 'close',
  'cookie' => '_ga=GA1.1.1762478325.1526559270; pgv_pvi=7032378368; UM_distinctid=163c3b11c839-04a6cc975c582f-4c312a7a-144000-163c3b11c84396; CNZZDATA681872=cnzz_eid%3D1944491258-1527996551-%26ntime%3D1528440604; hibext_instdsigdipv2=1; counter=87; PHPSESSID=7bf01u8g8o84k00v9c0q2ple97',
  'referer' => 'http://localhost/static//admin/style/font-awesome.css',
  'accept-encoding' => 'identity',
  'accept-language' => 'zh-CN,zh;q=0.8,zh-TW;q=0.7,zh-HK;q=0.5,en-US;q=0.3,en;q=0.2',
  'accept' => 'application/font-woff2;q=1.0,application/font-woff;q=0.9,*/*;q=0.8',
  'user-agent' => 'Mozilla/5.0 (Windows NT 10.0; Win64; x64; rv:62.0) Gecko/20100101 Firefox/62.0',
  'host' => 'localhost',
)
[ info ] [ PARAM ] array (
  'v' => '4.3.0',
)
[ info ] [ LOG ] INIT File
---------------------------------------------------------------
[ 2018-09-16T19:10:01+08:00 ] 0.0.0.0 GET /admin/cate/lst.html
[ info ] localhost/admin/cate/lst.html [运行时间：0.290890s][吞吐率：3.44req/s] [内存消耗：2,374.48kb] [文件加载：57]
[ info ] [ LANG ] D:\phpstudy\WWW\material\thinkphp\lang\zh-cn.php
[ info ] [ ROUTE ] array (
  'type' => 'module',
  'module' => 
  array (
    0 => 'admin',
    1 => 'cate',
    2 => 'lst',
  ),
)
[ info ] [ HEADER ] array (
  'upgrade-insecure-requests' => '1',
  'connection' => 'close',
  'cookie' => '_ga=GA1.1.1762478325.1526559270; pgv_pvi=7032378368; UM_distinctid=163c3b11c839-04a6cc975c582f-4c312a7a-144000-163c3b11c84396; CNZZDATA681872=cnzz_eid%3D1944491258-1527996551-%26ntime%3D1528440604; hibext_instdsigdipv2=1; counter=87; PHPSESSID=7bf01u8g8o84k00v9c0q2ple97',
  'referer' => 'http://localhost/admin/index/index.html',
  'accept-encoding' => 'gzip, deflate',
  'accept-language' => 'zh-CN,zh;q=0.8,zh-TW;q=0.7,zh-HK;q=0.5,en-US;q=0.3,en;q=0.2',
  'accept' => 'text/html,application/xhtml+xml,application/xml;q=0.9,*/*;q=0.8',
  'user-agent' => 'Mozilla/5.0 (Windows NT 10.0; Win64; x64; rv:62.0) Gecko/20100101 Firefox/62.0',
  'host' => 'localhost',
)
[ info ] [ PARAM ] array (
)
[ info ] [ SESSION ] INIT array (
  'id' => '',
  'var_session_id' => '',
  'prefix' => 'think',
  'type' => '',
  'auto_start' => true,
)
[ info ] [ RUN ] app\admin\controller\Cate->lst[ D:\phpstudy\WWW\material\application\admin\controller\Cate.php ]
[ info ] [ DB ] INIT mysql
[ info ] [ VIEW ] D:\phpstudy\WWW\material\public/../application/admin\view\cate\lst.html [ array (
  0 => 'cateres',
) ]
[ info ] [ LOG ] INIT File
[ sql ] [ DB ] CONNECT:[ UseTime:0.002940s ] mysql:host=127.0.0.1;dbname=material;charset=utf8
[ sql ] [ SQL ] SHOW COLUMNS FROM `cate` [ RunTime:0.019327s ]
[ sql ] [ SQL ] SELECT * FROM `cate` ORDER BY sort desc [ RunTime:0.001319s ]
---------------------------------------------------------------
[ 2018-09-16T19:10:01+08:00 ] 0.0.0.0 GET /static//admin/fonts/fontawesome-webfont.woff2?v=4.3.0
[ info ] localhost/static//admin/fonts/fontawesome-webfont.woff2?v=4.3.0 [运行时间：0.108796s][吞吐率：9.19req/s] [内存消耗：1,082.52kb] [文件加载：38]
[ info ] [ LANG ] D:\phpstudy\WWW\material\thinkphp\lang\zh-cn.php
[ info ] [ ROUTE ] array (
  'type' => 'module',
  'module' => 
  array (
    0 => 'static',
    1 => 'admin',
    2 => 'fonts',
  ),
)
[ info ] [ HEADER ] array (
  'connection' => 'close',
  'cookie' => '_ga=GA1.1.1762478325.1526559270; pgv_pvi=7032378368; UM_distinctid=163c3b11c839-04a6cc975c582f-4c312a7a-144000-163c3b11c84396; CNZZDATA681872=cnzz_eid%3D1944491258-1527996551-%26ntime%3D1528440604; hibext_instdsigdipv2=1; counter=87; PHPSESSID=7bf01u8g8o84k00v9c0q2ple97',
  'referer' => 'http://localhost/static//admin/style/font-awesome.css',
  'accept-encoding' => 'identity',
  'accept-language' => 'zh-CN,zh;q=0.8,zh-TW;q=0.7,zh-HK;q=0.5,en-US;q=0.3,en;q=0.2',
  'accept' => 'application/font-woff2;q=1.0,application/font-woff;q=0.9,*/*;q=0.8',
  'user-agent' => 'Mozilla/5.0 (Windows NT 10.0; Win64; x64; rv:62.0) Gecko/20100101 Firefox/62.0',
  'host' => 'localhost',
)
[ info ] [ PARAM ] array (
  'v' => '4.3.0',
)
[ info ] [ LOG ] INIT File
---------------------------------------------------------------
[ 2018-09-16T19:10:03+08:00 ] 0.0.0.0 GET /admin/article/lst.html
[ info ] localhost/admin/article/lst.html [运行时间：0.227093s][吞吐率：4.40req/s] [内存消耗：2,191.29kb] [文件加载：58]
[ info ] [ LANG ] D:\phpstudy\WWW\material\thinkphp\lang\zh-cn.php
[ info ] [ ROUTE ] array (
  'type' => 'module',
  'module' => 
  array (
    0 => 'admin',
    1 => 'article',
    2 => 'lst',
  ),
)
[ info ] [ HEADER ] array (
  'upgrade-insecure-requests' => '1',
  'connection' => 'close',
  'cookie' => '_ga=GA1.1.1762478325.1526559270; pgv_pvi=7032378368; UM_distinctid=163c3b11c839-04a6cc975c582f-4c312a7a-144000-163c3b11c84396; CNZZDATA681872=cnzz_eid%3D1944491258-1527996551-%26ntime%3D1528440604; hibext_instdsigdipv2=1; counter=87; PHPSESSID=7bf01u8g8o84k00v9c0q2ple97',
  'referer' => 'http://localhost/admin/cate/lst.html',
  'accept-encoding' => 'gzip, deflate',
  'accept-language' => 'zh-CN,zh;q=0.8,zh-TW;q=0.7,zh-HK;q=0.5,en-US;q=0.3,en;q=0.2',
  'accept' => 'text/html,application/xhtml+xml,application/xml;q=0.9,*/*;q=0.8',
  'user-agent' => 'Mozilla/5.0 (Windows NT 10.0; Win64; x64; rv:62.0) Gecko/20100101 Firefox/62.0',
  'host' => 'localhost',
)
[ info ] [ PARAM ] array (
)
[ info ] [ SESSION ] INIT array (
  'id' => '',
  'var_session_id' => '',
  'prefix' => 'think',
  'type' => '',
  'auto_start' => true,
)
[ info ] [ RUN ] app\admin\controller\Article->lst[ D:\phpstudy\WWW\material\application\admin\controller\Article.php ]
[ info ] [ DB ] INIT mysql
[ info ] [ VIEW ] D:\phpstudy\WWW\material\public/../application/admin\view\article\lst.html [ array (
  0 => 'artres',
) ]
[ info ] [ LOG ] INIT File
[ sql ] [ DB ] CONNECT:[ UseTime:0.003308s ] mysql:host=127.0.0.1;dbname=material;charset=utf8
[ sql ] [ SQL ] SHOW COLUMNS FROM `article` [ RunTime:0.019645s ]
[ sql ] [ SQL ] SELECT COUNT(*) AS tp_count FROM `article` `a` INNER JOIN `cate` `b` ON `a`.`cateid`=`b`.`id` LIMIT 1 [ RunTime:0.000632s ]
[ sql ] [ SQL ] SELECT `a`.*,`b`.`catename` FROM `article` `a` INNER JOIN `cate` `b` ON `a`.`cateid`=`b`.`id` ORDER BY a.id desc LIMIT 0,13 [ RunTime:0.001177s ]
---------------------------------------------------------------
[ 2018-09-16T19:10:04+08:00 ] 0.0.0.0 GET /static//admin/fonts/fontawesome-webfont.woff2?v=4.3.0
[ info ] localhost/static//admin/fonts/fontawesome-webfont.woff2?v=4.3.0 [运行时间：0.124789s][吞吐率：8.01req/s] [内存消耗：1,082.52kb] [文件加载：38]
[ info ] [ LANG ] D:\phpstudy\WWW\material\thinkphp\lang\zh-cn.php
[ info ] [ ROUTE ] array (
  'type' => 'module',
  'module' => 
  array (
    0 => 'static',
    1 => 'admin',
    2 => 'fonts',
  ),
)
[ info ] [ HEADER ] array (
  'connection' => 'close',
  'cookie' => '_ga=GA1.1.1762478325.1526559270; pgv_pvi=7032378368; UM_distinctid=163c3b11c839-04a6cc975c582f-4c312a7a-144000-163c3b11c84396; CNZZDATA681872=cnzz_eid%3D1944491258-1527996551-%26ntime%3D1528440604; hibext_instdsigdipv2=1; counter=87; PHPSESSID=7bf01u8g8o84k00v9c0q2ple97',
  'referer' => 'http://localhost/static//admin/style/font-awesome.css',
  'accept-encoding' => 'identity',
  'accept-language' => 'zh-CN,zh;q=0.8,zh-TW;q=0.7,zh-HK;q=0.5,en-US;q=0.3,en;q=0.2',
  'accept' => 'application/font-woff2;q=1.0,application/font-woff;q=0.9,*/*;q=0.8',
  'user-agent' => 'Mozilla/5.0 (Windows NT 10.0; Win64; x64; rv:62.0) Gecko/20100101 Firefox/62.0',
  'host' => 'localhost',
)
[ info ] [ PARAM ] array (
  'v' => '4.3.0',
)
[ info ] [ LOG ] INIT File
---------------------------------------------------------------
[ 2018-09-16T19:10:09+08:00 ] 0.0.0.0 GET /admin/conf/conf.html
[ info ] localhost/admin/conf/conf.html [运行时间：0.271555s][吞吐率：3.68req/s] [内存消耗：2,242.54kb] [文件加载：57]
[ info ] [ LANG ] D:\phpstudy\WWW\material\thinkphp\lang\zh-cn.php
[ info ] [ ROUTE ] array (
  'type' => 'module',
  'module' => 
  array (
    0 => 'admin',
    1 => 'conf',
    2 => 'conf',
  ),
)
[ info ] [ HEADER ] array (
  'upgrade-insecure-requests' => '1',
  'connection' => 'close',
  'cookie' => '_ga=GA1.1.1762478325.1526559270; pgv_pvi=7032378368; UM_distinctid=163c3b11c839-04a6cc975c582f-4c312a7a-144000-163c3b11c84396; CNZZDATA681872=cnzz_eid%3D1944491258-1527996551-%26ntime%3D1528440604; hibext_instdsigdipv2=1; counter=87; PHPSESSID=7bf01u8g8o84k00v9c0q2ple97',
  'referer' => 'http://localhost/admin/article/lst.html',
  'accept-encoding' => 'gzip, deflate',
  'accept-language' => 'zh-CN,zh;q=0.8,zh-TW;q=0.7,zh-HK;q=0.5,en-US;q=0.3,en;q=0.2',
  'accept' => 'text/html,application/xhtml+xml,application/xml;q=0.9,*/*;q=0.8',
  'user-agent' => 'Mozilla/5.0 (Windows NT 10.0; Win64; x64; rv:62.0) Gecko/20100101 Firefox/62.0',
  'host' => 'localhost',
)
[ info ] [ PARAM ] array (
)
[ info ] [ SESSION ] INIT array (
  'id' => '',
  'var_session_id' => '',
  'prefix' => 'think',
  'type' => '',
  'auto_start' => true,
)
[ info ] [ RUN ] app\admin\controller\Conf->conf[ D:\phpstudy\WWW\material\application\admin\controller\Conf.php ]
[ info ] [ DB ] INIT mysql
[ info ] [ VIEW ] D:\phpstudy\WWW\material\public/../application/admin\view\conf\conf.html [ array (
  0 => 'confres',
) ]
[ info ] [ LOG ] INIT File
[ sql ] [ DB ] CONNECT:[ UseTime:0.014721s ] mysql:host=127.0.0.1;dbname=material;charset=utf8
[ sql ] [ SQL ] SHOW COLUMNS FROM `conf` [ RunTime:0.038079s ]
[ sql ] [ SQL ] SELECT * FROM `conf` ORDER BY sort desc [ RunTime:0.000614s ]
---------------------------------------------------------------
[ 2018-09-16T19:10:09+08:00 ] 0.0.0.0 GET /static//admin/fonts/fontawesome-webfont.woff2?v=4.3.0
[ info ] localhost/static//admin/fonts/fontawesome-webfont.woff2?v=4.3.0 [运行时间：0.124300s][吞吐率：8.05req/s] [内存消耗：1,082.52kb] [文件加载：38]
[ info ] [ LANG ] D:\phpstudy\WWW\material\thinkphp\lang\zh-cn.php
[ info ] [ ROUTE ] array (
  'type' => 'module',
  'module' => 
  array (
    0 => 'static',
    1 => 'admin',
    2 => 'fonts',
  ),
)
[ info ] [ HEADER ] array (
  'connection' => 'close',
  'cookie' => '_ga=GA1.1.1762478325.1526559270; pgv_pvi=7032378368; UM_distinctid=163c3b11c839-04a6cc975c582f-4c312a7a-144000-163c3b11c84396; CNZZDATA681872=cnzz_eid%3D1944491258-1527996551-%26ntime%3D1528440604; hibext_instdsigdipv2=1; counter=87; PHPSESSID=7bf01u8g8o84k00v9c0q2ple97',
  'referer' => 'http://localhost/static//admin/style/font-awesome.css',
  'accept-encoding' => 'identity',
  'accept-language' => 'zh-CN,zh;q=0.8,zh-TW;q=0.7,zh-HK;q=0.5,en-US;q=0.3,en;q=0.2',
  'accept' => 'application/font-woff2;q=1.0,application/font-woff;q=0.9,*/*;q=0.8',
  'user-agent' => 'Mozilla/5.0 (Windows NT 10.0; Win64; x64; rv:62.0) Gecko/20100101 Firefox/62.0',
  'host' => 'localhost',
)
[ info ] [ PARAM ] array (
  'v' => '4.3.0',
)
[ info ] [ LOG ] INIT File
